c:\users\administrator\desktop\第一组----doodle-jump -8.26----once - 副本\第一组----doodle-jump -8.26----once\第一组----doodle-jump -8.25\code\release\vc140.pdb
c:\users\administrator\desktop\第一组----doodle-jump -8.26----once - 副本\第一组----doodle-jump -8.26----once\第一组----doodle-jump -8.25\code\release\winmain.obj
c:\users\administrator\desktop\第一组----doodle-jump -8.26----once - 副本\第一组----doodle-jump -8.26----once\第一组----doodle-jump -8.25\code\release\score.obj
c:\users\administrator\desktop\第一组----doodle-jump -8.26----once - 副本\第一组----doodle-jump -8.26----once\第一组----doodle-jump -8.25\code\release\player.obj
c:\users\administrator\desktop\第一组----doodle-jump -8.26----once - 副本\第一组----doodle-jump -8.26----once\第一组----doodle-jump -8.25\code\release\oncetable.obj
c:\users\administrator\desktop\第一组----doodle-jump -8.26----once - 副本\第一组----doodle-jump -8.26----once\第一组----doodle-jump -8.25\code\release\monster2.obj
c:\users\administrator\desktop\第一组----doodle-jump -8.26----once - 副本\第一组----doodle-jump -8.26----once\第一组----doodle-jump -8.25\code\release\movetable.obj
c:\users\administrator\desktop\第一组----doodle-jump -8.26----once - 副本\第一组----doodle-jump -8.26----once\第一组----doodle-jump -8.25\code\release\monster.obj
c:\users\administrator\desktop\第一组----doodle-jump -8.26----once - 副本\第一组----doodle-jump -8.26----once\第一组----doodle-jump -8.25\code\release\jumpapp.obj
c:\users\administrator\desktop\第一组----doodle-jump -8.26----once - 副本\第一组----doodle-jump -8.26----once\第一组----doodle-jump -8.25\code\release\gametable.obj
c:\users\administrator\desktop\第一组----doodle-jump -8.26----once - 副本\第一组----doodle-jump -8.26----once\第一组----doodle-jump -8.25\code\release\flyitem.obj
c:\users\administrator\desktop\第一组----doodle-jump -8.26----once - 副本\第一组----doodle-jump -8.26----once\第一组----doodle-jump -8.25\code\release\blackhole.obj
c:\users\administrator\desktop\第一组----doodle-jump -8.26----once - 副本\第一组----doodle-jump -8.26----once\第一组----doodle-jump -8.25\code\release\back.obj
c:\users\administrator\desktop\第一组----doodle-jump -8.26----once - 副本\第一组----doodle-jump -8.26----once\第一组----doodle-jump -8.25\release\code.exe
c:\users\administrator\desktop\第一组----doodle-jump -8.26----once - 副本\第一组----doodle-jump -8.26----once\第一组----doodle-jump -8.25\release\code.ipdb
c:\users\administrator\desktop\第一组----doodle-jump -8.26----once - 副本\第一组----doodle-jump -8.26----once\第一组----doodle-jump -8.25\release\code.iobj
c:\users\administrator\desktop\第一组----doodle-jump -8.26----once - 副本\第一组----doodle-jump -8.26----once\第一组----doodle-jump -8.25\release\code.pdb
c:\users\administrator\desktop\第一组----doodle-jump -8.26----once - 副本\第一组----doodle-jump -8.26----once\第一组----doodle-jump -8.25\code\release\code.res
c:\users\administrator\desktop\第一组----doodle-jump -8.26----once - 副本\第一组----doodle-jump -8.26----once\第一组----doodle-jump -8.25\code\release\code.tlog\cl.command.1.tlog
c:\users\administrator\desktop\第一组----doodle-jump -8.26----once - 副本\第一组----doodle-jump -8.26----once\第一组----doodle-jump -8.25\code\release\code.tlog\cl.read.1.tlog
c:\users\administrator\desktop\第一组----doodle-jump -8.26----once - 副本\第一组----doodle-jump -8.26----once\第一组----doodle-jump -8.25\code\release\code.tlog\cl.write.1.tlog
c:\users\administrator\desktop\第一组----doodle-jump -8.26----once - 副本\第一组----doodle-jump -8.26----once\第一组----doodle-jump -8.25\code\release\code.tlog\link.command.1.tlog
c:\users\administrator\desktop\第一组----doodle-jump -8.26----once - 副本\第一组----doodle-jump -8.26----once\第一组----doodle-jump -8.25\code\release\code.tlog\link.read.1.tlog
c:\users\administrator\desktop\第一组----doodle-jump -8.26----once - 副本\第一组----doodle-jump -8.26----once\第一组----doodle-jump -8.25\code\release\code.tlog\link.write.1.tlog
c:\users\administrator\desktop\第一组----doodle-jump -8.26----once - 副本\第一组----doodle-jump -8.26----once\第一组----doodle-jump -8.25\code\release\code.tlog\rc.command.1.tlog
c:\users\administrator\desktop\第一组----doodle-jump -8.26----once - 副本\第一组----doodle-jump -8.26----once\第一组----doodle-jump -8.25\code\release\code.tlog\rc.read.1.tlog
c:\users\administrator\desktop\第一组----doodle-jump -8.26----once - 副本\第一组----doodle-jump -8.26----once\第一组----doodle-jump -8.25\code\release\code.tlog\rc.write.1.tlog
